2024-08-06 18:19:55 0 [Note] Starting MariaDB 10.4.32-MariaDB source revision c4143f909528e3fab0677a28631d10389354c491 as process 19076
2024-08-06 18:19:55 0 [Note] InnoDB: Mutexes and rw_locks use Windows interlocked functions
2024-08-06 18:19:55 0 [Note] InnoDB: Uses event mutexes
2024-08-06 18:19:55 0 [Note] InnoDB: Compressed tables use zlib 1.3
2024-08-06 18:19:55 0 [Note] InnoDB: Number of pools: 1
2024-08-06 18:19:55 0 [Note] InnoDB: Using SSE2 crc32 instructions
2024-08-06 18:19:55 0 [Note] InnoDB: Initializing buffer pool, total size = 16M, instances = 1, chunk size = 16M
2024-08-06 18:19:55 0 [Note] InnoDB: Completed initialization of buffer pool
2024-08-06 18:19:55 0 [Note] InnoDB: Starting crash recovery from checkpoint LSN=300288
2024-08-06 18:19:56 0 [Note] InnoDB: 128 out of 128 rollback segments are active.
2024-08-06 18:19:56 0 [Note] InnoDB: Removed temporary tablespace data file: "ibtmp1"
2024-08-06 18:19:56 0 [Note] InnoDB: Creating shared tablespace for temporary tables
2024-08-06 18:19:56 0 [Note] InnoDB: Setting file 'C:\xampp\mysql\data\ibtmp1' size to 12 MB. Physically writing the file full; Please wait ...
2024-08-06 18:19:56 0 [Note] InnoDB: File 'C:\xampp\mysql\data\ibtmp1' size is now 12 MB.
2024-08-06 18:19:56 0 [Note] InnoDB: Waiting for purge to start
2024-08-06 18:19:56 0 [Note] InnoDB: 10.4.32 started; log sequence number 300297; transaction id 170
2024-08-06 18:19:56 0 [Note] InnoDB: Loading buffer pool(s) from C:\xampp\mysql\data\ib_buffer_pool
2024-08-06 18:19:56 0 [Note] Plugin 'FEEDBACK' is disabled.
2024-08-06 18:19:56 0 [Note] InnoDB: Buffer pool(s) load completed at 240806 18:19:56
2024-08-06 18:19:56 0 [Note] Server socket created on IP: '::'.
2024-08-06 18:19:56 0 [ERROR] Can't start server: Bind on TCP/IP port. Got error: 10048: Only one usage of each socket address (protocol/network address/port) is normally permitted.

2024-08-06 18:19:56 0 [ERROR] Do you already have another mysqld server running on port: 3306 ?
2024-08-06 18:19:56 0 [ERROR] Aborting
2024-08-06 18:20:29 0 [Note] Starting MariaDB 10.4.32-MariaDB source revision c4143f909528e3fab0677a28631d10389354c491 as process 17000
2024-08-06 18:20:29 0 [Note] InnoDB: Mutexes and rw_locks use Windows interlocked functions
2024-08-06 18:20:29 0 [Note] InnoDB: Uses event mutexes
2024-08-06 18:20:29 0 [Note] InnoDB: Compressed tables use zlib 1.3
2024-08-06 18:20:29 0 [Note] InnoDB: Number of pools: 1
2024-08-06 18:20:29 0 [Note] InnoDB: Using SSE2 crc32 instructions
2024-08-06 18:20:29 0 [Note] InnoDB: Initializing buffer pool, total size = 16M, instances = 1, chunk size = 16M
2024-08-06 18:20:29 0 [Note] InnoDB: Completed initialization of buffer pool
2024-08-06 18:20:29 0 [Note] InnoDB: 128 out of 128 rollback segments are active.
2024-08-06 18:20:29 0 [Note] InnoDB: Creating shared tablespace for temporary tables
2024-08-06 18:20:29 0 [Note] InnoDB: Setting file 'C:\xampp\mysql\data\ibtmp1' size to 12 MB. Physically writing the file full; Please wait ...
2024-08-06 18:20:29 0 [Note] InnoDB: File 'C:\xampp\mysql\data\ibtmp1' size is now 12 MB.
2024-08-06 18:20:29 0 [Note] InnoDB: Waiting for purge to start
2024-08-06 18:20:29 0 [Note] InnoDB: 10.4.32 started; log sequence number 300306; transaction id 170
2024-08-06 18:20:29 0 [Note] InnoDB: Loading buffer pool(s) from C:\xampp\mysql\data\ib_buffer_pool
2024-08-06 18:20:29 0 [Note] Plugin 'FEEDBACK' is disabled.
2024-08-06 18:20:29 0 [Note] InnoDB: Buffer pool(s) load completed at 240806 18:20:29
2024-08-06 18:20:29 0 [Note] Server socket created on IP: '::'.
2024-08-06 18:20:29 0 [ERROR] Can't start server: Bind on TCP/IP port. Got error: 10048: Only one usage of each socket address (protocol/network address/port) is normally permitted.

2024-08-06 18:20:29 0 [ERROR] Do you already have another mysqld server running on port: 3306 ?
2024-08-06 18:20:29 0 [ERROR] Aborting
2024-08-06 18:20:42 0 [Note] Starting MariaDB 10.4.32-MariaDB source revision c4143f909528e3fab0677a28631d10389354c491 as process 2872
2024-08-06 18:20:42 0 [Note] InnoDB: Mutexes and rw_locks use Windows interlocked functions
2024-08-06 18:20:42 0 [Note] InnoDB: Uses event mutexes
2024-08-06 18:20:42 0 [Note] InnoDB: Compressed tables use zlib 1.3
2024-08-06 18:20:42 0 [Note] InnoDB: Number of pools: 1
2024-08-06 18:20:42 0 [Note] InnoDB: Using SSE2 crc32 instructions
2024-08-06 18:20:42 0 [Note] InnoDB: Initializing buffer pool, total size = 16M, instances = 1, chunk size = 16M
2024-08-06 18:20:42 0 [Note] InnoDB: Completed initialization of buffer pool
2024-08-06 18:20:42 0 [Note] InnoDB: 128 out of 128 rollback segments are active.
2024-08-06 18:20:42 0 [Note] InnoDB: Creating shared tablespace for temporary tables
2024-08-06 18:20:42 0 [Note] InnoDB: Setting file 'C:\xampp\mysql\data\ibtmp1' size to 12 MB. Physically writing the file full; Please wait ...
2024-08-06 18:20:42 0 [Note] InnoDB: File 'C:\xampp\mysql\data\ibtmp1' size is now 12 MB.
2024-08-06 18:20:42 0 [Note] InnoDB: Waiting for purge to start
2024-08-06 18:20:42 0 [Note] InnoDB: 10.4.32 started; log sequence number 300315; transaction id 170
2024-08-06 18:20:42 0 [Note] InnoDB: Loading buffer pool(s) from C:\xampp\mysql\data\ib_buffer_pool
2024-08-06 18:20:42 0 [Note] Plugin 'FEEDBACK' is disabled.
2024-08-06 18:20:42 0 [Note] InnoDB: Buffer pool(s) load completed at 240806 18:20:42
2024-08-06 18:20:42 0 [Note] Server socket created on IP: '::'.
2024-08-06 18:20:42 0 [ERROR] Can't start server: Bind on TCP/IP port. Got error: 10048: Only one usage of each socket address (protocol/network address/port) is normally permitted.

2024-08-06 18:20:42 0 [ERROR] Do you already have another mysqld server running on port: 3306 ?
2024-08-06 18:20:42 0 [ERROR] Aborting
2024-08-06 18:21:28 0 [Note] Starting MariaDB 10.4.32-MariaDB source revision c4143f909528e3fab0677a28631d10389354c491 as process 12132
2024-08-06 18:21:28 0 [Note] InnoDB: Mutexes and rw_locks use Windows interlocked functions
2024-08-06 18:21:28 0 [Note] InnoDB: Uses event mutexes
2024-08-06 18:21:28 0 [Note] InnoDB: Compressed tables use zlib 1.3
2024-08-06 18:21:28 0 [Note] InnoDB: Number of pools: 1
2024-08-06 18:21:28 0 [Note] InnoDB: Using SSE2 crc32 instructions
2024-08-06 18:21:28 0 [Note] InnoDB: Initializing buffer pool, total size = 16M, instances = 1, chunk size = 16M
2024-08-06 18:21:28 0 [Note] InnoDB: Completed initialization of buffer pool
2024-08-06 18:21:28 0 [Note] InnoDB: 128 out of 128 rollback segments are active.
2024-08-06 18:21:28 0 [Note] InnoDB: Creating shared tablespace for temporary tables
2024-08-06 18:21:28 0 [Note] InnoDB: Setting file 'C:\xampp\mysql\data\ibtmp1' size to 12 MB. Physically writing the file full; Please wait ...
2024-08-06 18:21:28 0 [Note] InnoDB: File 'C:\xampp\mysql\data\ibtmp1' size is now 12 MB.
2024-08-06 18:21:28 0 [Note] InnoDB: Waiting for purge to start
2024-08-06 18:21:28 0 [Note] InnoDB: 10.4.32 started; log sequence number 300324; transaction id 170
2024-08-06 18:21:28 0 [Note] InnoDB: Loading buffer pool(s) from C:\xampp\mysql\data\ib_buffer_pool
2024-08-06 18:21:28 0 [Note] Plugin 'FEEDBACK' is disabled.
2024-08-06 18:21:28 0 [Note] InnoDB: Buffer pool(s) load completed at 240806 18:21:28
2024-08-06 18:21:28 0 [Note] Server socket created on IP: '::'.
2024-08-06 18:21:28 0 [ERROR] Can't start server: Bind on TCP/IP port. Got error: 10048: Only one usage of each socket address (protocol/network address/port) is normally permitted.

2024-08-06 18:21:28 0 [ERROR] Do you already have another mysqld server running on port: 3306 ?
2024-08-06 18:21:28 0 [ERROR] Aborting
2024-08-06 18:22:20 0 [Note] Starting MariaDB 10.4.32-MariaDB source revision c4143f909528e3fab0677a28631d10389354c491 as process 18624
2024-08-06 18:22:20 0 [Note] InnoDB: Mutexes and rw_locks use Windows interlocked functions
2024-08-06 18:22:20 0 [Note] InnoDB: Uses event mutexes
2024-08-06 18:22:20 0 [Note] InnoDB: Compressed tables use zlib 1.3
2024-08-06 18:22:20 0 [Note] InnoDB: Number of pools: 1
2024-08-06 18:22:20 0 [Note] InnoDB: Using SSE2 crc32 instructions
2024-08-06 18:22:20 0 [Note] InnoDB: Initializing buffer pool, total size = 16M, instances = 1, chunk size = 16M
2024-08-06 18:22:20 0 [Note] InnoDB: Completed initialization of buffer pool
2024-08-06 18:22:20 0 [Note] InnoDB: 128 out of 128 rollback segments are active.
2024-08-06 18:22:20 0 [Note] InnoDB: Creating shared tablespace for temporary tables
2024-08-06 18:22:20 0 [Note] InnoDB: Setting file 'C:\xampp\mysql\data\ibtmp1' size to 12 MB. Physically writing the file full; Please wait ...
2024-08-06 18:22:20 0 [Note] InnoDB: File 'C:\xampp\mysql\data\ibtmp1' size is now 12 MB.
2024-08-06 18:22:20 0 [Note] InnoDB: Waiting for purge to start
2024-08-06 18:22:20 0 [Note] InnoDB: 10.4.32 started; log sequence number 300333; transaction id 170
2024-08-06 18:22:20 0 [Note] InnoDB: Loading buffer pool(s) from C:\xampp\mysql\data\ib_buffer_pool
2024-08-06 18:22:20 0 [Note] Plugin 'FEEDBACK' is disabled.
2024-08-06 18:22:20 0 [Note] Server socket created on IP: '::'.
2024-08-06 18:22:20 0 [Note] InnoDB: Buffer pool(s) load completed at 240806 18:22:20
2024-08-06 18:22:20 0 [ERROR] Can't start server: Bind on TCP/IP port. Got error: 10048: Only one usage of each socket address (protocol/network address/port) is normally permitted.

2024-08-06 18:22:20 0 [ERROR] Do you already have another mysqld server running on port: 3306 ?
2024-08-06 18:22:20 0 [ERROR] Aborting
2024-08-06 18:36:05 0 [Note] Starting MariaDB 10.4.32-MariaDB source revision c4143f909528e3fab0677a28631d10389354c491 as process 1356
2024-08-06 18:36:05 0 [Note] InnoDB: Mutexes and rw_locks use Windows interlocked functions
2024-08-06 18:36:05 0 [Note] InnoDB: Uses event mutexes
2024-08-06 18:36:05 0 [Note] InnoDB: Compressed tables use zlib 1.3
2024-08-06 18:36:05 0 [Note] InnoDB: Number of pools: 1
2024-08-06 18:36:05 0 [Note] InnoDB: Using SSE2 crc32 instructions
2024-08-06 18:36:05 0 [Note] InnoDB: Initializing buffer pool, total size = 16M, instances = 1, chunk size = 16M
2024-08-06 18:36:05 0 [Note] InnoDB: Completed initialization of buffer pool
2024-08-06 18:36:05 0 [Note] InnoDB: 128 out of 128 rollback segments are active.
2024-08-06 18:36:05 0 [Note] InnoDB: Creating shared tablespace for temporary tables
2024-08-06 18:36:05 0 [Note] InnoDB: Setting file 'C:\xampp\mysql\data\ibtmp1' size to 12 MB. Physically writing the file full; Please wait ...
2024-08-06 18:36:05 0 [Note] InnoDB: File 'C:\xampp\mysql\data\ibtmp1' size is now 12 MB.
2024-08-06 18:36:05 0 [Note] InnoDB: 10.4.32 started; log sequence number 300342; transaction id 170
2024-08-06 18:36:05 0 [Note] InnoDB: Loading buffer pool(s) from C:\xampp\mysql\data\ib_buffer_pool
2024-08-06 18:36:05 0 [Note] Plugin 'FEEDBACK' is disabled.
2024-08-06 18:36:05 0 [Note] InnoDB: Buffer pool(s) load completed at 240806 18:36:05
2024-08-06 18:36:05 0 [Note] Server socket created on IP: '::'.
2024-08-06 19:02:01 0 [Note] Starting MariaDB 10.4.32-MariaDB source revision c4143f909528e3fab0677a28631d10389354c491 as process 11520
2024-08-06 19:02:01 0 [Note] InnoDB: Mutexes and rw_locks use Windows interlocked functions
2024-08-06 19:02:01 0 [Note] InnoDB: Uses event mutexes
2024-08-06 19:02:01 0 [Note] InnoDB: Compressed tables use zlib 1.3
2024-08-06 19:02:01 0 [Note] InnoDB: Number of pools: 1
2024-08-06 19:02:01 0 [Note] InnoDB: Using SSE2 crc32 instructions
2024-08-06 19:02:01 0 [Note] InnoDB: Initializing buffer pool, total size = 16M, instances = 1, chunk size = 16M
2024-08-06 19:02:01 0 [Note] InnoDB: Completed initialization of buffer pool
2024-08-06 19:02:01 0 [Note] InnoDB: Starting crash recovery from checkpoint LSN=2258964
2024-08-06 19:02:01 0 [Note] InnoDB: 128 out of 128 rollback segments are active.
2024-08-06 19:02:01 0 [Note] InnoDB: Removed temporary tablespace data file: "ibtmp1"
2024-08-06 19:02:01 0 [Note] InnoDB: Creating shared tablespace for temporary tables
2024-08-06 19:02:01 0 [Note] InnoDB: Setting file 'C:\xampp\mysql\data\ibtmp1' size to 12 MB. Physically writing the file full; Please wait ...
2024-08-06 19:02:01 0 [Note] InnoDB: File 'C:\xampp\mysql\data\ibtmp1' size is now 12 MB.
2024-08-06 19:02:01 0 [Note] InnoDB: Waiting for purge to start
2024-08-06 19:02:01 0 [Note] InnoDB: 10.4.32 started; log sequence number 2258973; transaction id 1378
2024-08-06 19:02:01 0 [Note] InnoDB: Loading buffer pool(s) from C:\xampp\mysql\data\ib_buffer_pool
2024-08-06 19:02:01 0 [Note] Plugin 'FEEDBACK' is disabled.
2024-08-06 19:02:01 0 [Note] Server socket created on IP: '::'.
2024-08-06 19:27:10 0 [Note] Starting MariaDB 10.4.32-MariaDB source revision c4143f909528e3fab0677a28631d10389354c491 as process 4852
2024-08-06 19:27:10 0 [Note] InnoDB: Mutexes and rw_locks use Windows interlocked functions
2024-08-06 19:27:10 0 [Note] InnoDB: Uses event mutexes
2024-08-06 19:27:10 0 [Note] InnoDB: Compressed tables use zlib 1.3
2024-08-06 19:27:10 0 [Note] InnoDB: Number of pools: 1
2024-08-06 19:27:10 0 [Note] InnoDB: Using SSE2 crc32 instructions
2024-08-06 19:27:10 0 [Note] InnoDB: Initializing buffer pool, total size = 16M, instances = 1, chunk size = 16M
2024-08-06 19:27:10 0 [Note] InnoDB: Completed initialization of buffer pool
2024-08-06 19:27:10 0 [Note] InnoDB: Starting crash recovery from checkpoint LSN=2469714
2024-08-06 19:27:10 0 [Note] InnoDB: 128 out of 128 rollback segments are active.
2024-08-06 19:27:10 0 [Note] InnoDB: Removed temporary tablespace data file: "ibtmp1"
2024-08-06 19:27:10 0 [Note] InnoDB: Creating shared tablespace for temporary tables
2024-08-06 19:27:10 0 [Note] InnoDB: Setting file 'C:\xampp\mysql\data\ibtmp1' size to 12 MB. Physically writing the file full; Please wait ...
2024-08-06 19:27:10 0 [Note] InnoDB: File 'C:\xampp\mysql\data\ibtmp1' size is now 12 MB.
2024-08-06 19:27:10 0 [Note] InnoDB: Waiting for purge to start
2024-08-06 19:27:10 0 [Note] InnoDB: 10.4.32 started; log sequence number 2469723; transaction id 1685
2024-08-06 19:27:10 0 [Note] InnoDB: Loading buffer pool(s) from C:\xampp\mysql\data\ib_buffer_pool
2024-08-06 19:27:10 0 [Note] Plugin 'FEEDBACK' is disabled.
2024-08-06 19:27:10 0 [Note] Server socket created on IP: '::'.
2024-08-06 19:32:08 0 [Note] Starting MariaDB 10.4.32-MariaDB source revision c4143f909528e3fab0677a28631d10389354c491 as process 9568
2024-08-06 19:32:08 0 [Note] InnoDB: Mutexes and rw_locks use Windows interlocked functions
2024-08-06 19:32:08 0 [Note] InnoDB: Uses event mutexes
2024-08-06 19:32:08 0 [Note] InnoDB: Compressed tables use zlib 1.3
2024-08-06 19:32:08 0 [Note] InnoDB: Number of pools: 1
2024-08-06 19:32:08 0 [Note] InnoDB: Using SSE2 crc32 instructions
2024-08-06 19:32:08 0 [Note] InnoDB: Initializing buffer pool, total size = 16M, instances = 1, chunk size = 16M
2024-08-06 19:32:08 0 [Note] InnoDB: Completed initialization of buffer pool
2024-08-06 19:32:08 0 [Note] InnoDB: Starting crash recovery from checkpoint LSN=2559558
2024-08-06 19:32:08 0 [Note] InnoDB: 128 out of 128 rollback segments are active.
2024-08-06 19:32:08 0 [Note] InnoDB: Removed temporary tablespace data file: "ibtmp1"
2024-08-06 19:32:08 0 [Note] InnoDB: Creating shared tablespace for temporary tables
2024-08-06 19:32:08 0 [Note] InnoDB: Setting file 'C:\xampp\mysql\data\ibtmp1' size to 12 MB. Physically writing the file full; Please wait ...
2024-08-06 19:32:08 0 [Note] InnoDB: File 'C:\xampp\mysql\data\ibtmp1' size is now 12 MB.
2024-08-06 19:32:08 0 [Note] InnoDB: Waiting for purge to start
2024-08-06 19:32:08 0 [Note] InnoDB: 10.4.32 started; log sequence number 2559567; transaction id 1792
2024-08-06 19:32:08 0 [Note] InnoDB: Loading buffer pool(s) from C:\xampp\mysql\data\ib_buffer_pool
2024-08-06 19:32:08 0 [Note] Plugin 'FEEDBACK' is disabled.
2024-08-06 19:32:08 0 [Note] Server socket created on IP: '::'.
2024-08-06 19:33:56 0 [Note] Starting MariaDB 10.4.32-MariaDB source revision c4143f909528e3fab0677a28631d10389354c491 as process 14000
2024-08-06 19:33:56 0 [Note] InnoDB: Mutexes and rw_locks use Windows interlocked functions
2024-08-06 19:33:56 0 [Note] InnoDB: Uses event mutexes
2024-08-06 19:33:56 0 [Note] InnoDB: Compressed tables use zlib 1.3
2024-08-06 19:33:56 0 [Note] InnoDB: Number of pools: 1
2024-08-06 19:33:56 0 [Note] InnoDB: Using SSE2 crc32 instructions
2024-08-06 19:33:56 0 [Note] InnoDB: Initializing buffer pool, total size = 16M, instances = 1, chunk size = 16M
2024-08-06 19:33:56 0 [Note] InnoDB: Completed initialization of buffer pool
2024-08-06 19:33:56 0 [Note] InnoDB: Starting crash recovery from checkpoint LSN=2561578
2024-08-06 19:33:56 0 [Note] InnoDB: 128 out of 128 rollback segments are active.
2024-08-06 19:33:56 0 [Note] InnoDB: Removed temporary tablespace data file: "ibtmp1"
2024-08-06 19:33:56 0 [Note] InnoDB: Creating shared tablespace for temporary tables
2024-08-06 19:33:56 0 [Note] InnoDB: Setting file 'C:\xampp\mysql\data\ibtmp1' size to 12 MB. Physically writing the file full; Please wait ...
2024-08-06 19:33:56 0 [Note] InnoDB: File 'C:\xampp\mysql\data\ibtmp1' size is now 12 MB.
2024-08-06 19:33:56 0 [Note] InnoDB: Waiting for purge to start
2024-08-06 19:33:56 0 [Note] InnoDB: 10.4.32 started; log sequence number 2561587; transaction id 1815
2024-08-06 19:33:56 0 [Note] InnoDB: Loading buffer pool(s) from C:\xampp\mysql\data\ib_buffer_pool
2024-08-06 19:33:56 0 [Note] Plugin 'FEEDBACK' is disabled.
2024-08-06 19:33:56 0 [Note] Server socket created on IP: '::'.
2024-08-13 14:17:48 0 [Note] Starting MariaDB 10.4.32-MariaDB source revision c4143f909528e3fab0677a28631d10389354c491 as process 6288
2024-08-13 14:17:48 0 [Note] InnoDB: Mutexes and rw_locks use Windows interlocked functions
2024-08-13 14:17:48 0 [Note] InnoDB: Uses event mutexes
2024-08-13 14:17:48 0 [Note] InnoDB: Compressed tables use zlib 1.3
2024-08-13 14:17:48 0 [Note] InnoDB: Number of pools: 1
2024-08-13 14:17:48 0 [Note] InnoDB: Using SSE2 crc32 instructions
2024-08-13 14:17:48 0 [Note] InnoDB: Initializing buffer pool, total size = 16M, instances = 1, chunk size = 16M
2024-08-13 14:17:48 0 [Note] InnoDB: Completed initialization of buffer pool
2024-08-13 14:17:48 0 [Note] InnoDB: Starting crash recovery from checkpoint LSN=10855028
2024-08-13 14:17:48 0 [Note] InnoDB: 128 out of 128 rollback segments are active.
2024-08-13 14:17:48 0 [Note] InnoDB: Removed temporary tablespace data file: "ibtmp1"
2024-08-13 14:17:48 0 [Note] InnoDB: Creating shared tablespace for temporary tables
2024-08-13 14:17:48 0 [Note] InnoDB: Setting file 'C:\xampp\mysql\data\ibtmp1' size to 12 MB. Physically writing the file full; Please wait ...
2024-08-13 14:17:48 0 [Note] InnoDB: File 'C:\xampp\mysql\data\ibtmp1' size is now 12 MB.
2024-08-13 14:17:48 0 [Note] InnoDB: Waiting for purge to start
2024-08-13 14:17:48 0 [Note] InnoDB: 10.4.32 started; log sequence number 10855037; transaction id 6641
2024-08-13 14:17:48 0 [Note] Plugin 'FEEDBACK' is disabled.
2024-08-13 14:17:48 0 [Note] InnoDB: Loading buffer pool(s) from C:\xampp\mysql\data\ib_buffer_pool
2024-08-13 14:17:48 0 [Note] InnoDB: Buffer pool(s) load completed at 240813 14:17:48
2024-08-13 14:17:48 0 [Note] Server socket created on IP: '::'.
2024-08-26 21:36:50 0 [Note] Starting MariaDB 10.4.32-MariaDB source revision c4143f909528e3fab0677a28631d10389354c491 as process 17188
2024-08-26 21:36:50 0 [Note] InnoDB: Mutexes and rw_locks use Windows interlocked functions
2024-08-26 21:36:50 0 [Note] InnoDB: Uses event mutexes
2024-08-26 21:36:50 0 [Note] InnoDB: Compressed tables use zlib 1.3
2024-08-26 21:36:50 0 [Note] InnoDB: Number of pools: 1
2024-08-26 21:36:50 0 [Note] InnoDB: Using SSE2 crc32 instructions
2024-08-26 21:36:50 0 [Note] InnoDB: Initializing buffer pool, total size = 16M, instances = 1, chunk size = 16M
2024-08-26 21:36:50 0 [Note] InnoDB: Completed initialization of buffer pool
2024-08-26 21:36:50 0 [Note] InnoDB: Starting crash recovery from checkpoint LSN=11754982
2024-08-26 21:36:51 0 [Note] InnoDB: 128 out of 128 rollback segments are active.
2024-08-26 21:36:51 0 [Note] InnoDB: Removed temporary tablespace data file: "ibtmp1"
2024-08-26 21:36:51 0 [Note] InnoDB: Creating shared tablespace for temporary tables
2024-08-26 21:36:51 0 [Note] InnoDB: Setting file 'C:\xampp\mysql\data\ibtmp1' size to 12 MB. Physically writing the file full; Please wait ...
2024-08-26 21:36:51 0 [Note] InnoDB: File 'C:\xampp\mysql\data\ibtmp1' size is now 12 MB.
2024-08-26 21:36:51 0 [Note] InnoDB: Waiting for purge to start
2024-08-26 21:36:51 0 [Note] InnoDB: 10.4.32 started; log sequence number 11754991; transaction id 6939
2024-08-26 21:36:51 0 [Note] InnoDB: Loading buffer pool(s) from C:\xampp\mysql\data\ib_buffer_pool
2024-08-26 21:36:51 0 [Note] Plugin 'FEEDBACK' is disabled.
2024-08-26 21:36:51 0 [Note] InnoDB: Buffer pool(s) load completed at 240826 21:36:51
2024-08-26 21:36:51 0 [Note] Server socket created on IP: '::'.
2024-08-30 22:20:14 0 [Note] Starting MariaDB 10.4.32-MariaDB source revision c4143f909528e3fab0677a28631d10389354c491 as process 22064
2024-08-30 22:20:14 0 [Note] InnoDB: Mutexes and rw_locks use Windows interlocked functions
2024-08-30 22:20:14 0 [Note] InnoDB: Uses event mutexes
2024-08-30 22:20:14 0 [Note] InnoDB: Compressed tables use zlib 1.3
2024-08-30 22:20:14 0 [Note] InnoDB: Number of pools: 1
2024-08-30 22:20:14 0 [Note] InnoDB: Using SSE2 crc32 instructions
2024-08-30 22:20:14 0 [Note] InnoDB: Initializing buffer pool, total size = 16M, instances = 1, chunk size = 16M
2024-08-30 22:20:14 0 [Note] InnoDB: Completed initialization of buffer pool
2024-08-30 22:20:14 0 [Note] InnoDB: Starting crash recovery from checkpoint LSN=12106308
2024-08-30 22:20:15 0 [Note] InnoDB: 128 out of 128 rollback segments are active.
2024-08-30 22:20:15 0 [Note] InnoDB: Removed temporary tablespace data file: "ibtmp1"
2024-08-30 22:20:15 0 [Note] InnoDB: Creating shared tablespace for temporary tables
2024-08-30 22:20:15 0 [Note] InnoDB: Setting file 'C:\xampp\mysql\data\ibtmp1' size to 12 MB. Physically writing the file full; Please wait ...
2024-08-30 22:20:15 0 [Note] InnoDB: File 'C:\xampp\mysql\data\ibtmp1' size is now 12 MB.
2024-08-30 22:20:15 0 [Note] InnoDB: Waiting for purge to start
2024-08-30 22:20:15 0 [Note] InnoDB: 10.4.32 started; log sequence number 12106317; transaction id 7100
2024-08-30 22:20:15 0 [Note] Plugin 'FEEDBACK' is disabled.
2024-08-30 22:20:15 0 [Note] InnoDB: Loading buffer pool(s) from C:\xampp\mysql\data\ib_buffer_pool
2024-08-30 22:20:15 0 [Note] InnoDB: Buffer pool(s) load completed at 240830 22:20:15
2024-08-30 22:20:15 0 [Note] Server socket created on IP: '::'.
2024-09-16 21:49:22 0 [Note] Starting MariaDB 10.4.32-MariaDB source revision c4143f909528e3fab0677a28631d10389354c491 as process 13356
2024-09-16 21:49:22 0 [Note] InnoDB: Mutexes and rw_locks use Windows interlocked functions
2024-09-16 21:49:22 0 [Note] InnoDB: Uses event mutexes
2024-09-16 21:49:22 0 [Note] InnoDB: Compressed tables use zlib 1.3
2024-09-16 21:49:22 0 [Note] InnoDB: Number of pools: 1
2024-09-16 21:49:22 0 [Note] InnoDB: Using SSE2 crc32 instructions
2024-09-16 21:49:22 0 [Note] InnoDB: Initializing buffer pool, total size = 16M, instances = 1, chunk size = 16M
2024-09-16 21:49:22 0 [Note] InnoDB: Completed initialization of buffer pool
2024-09-16 21:49:22 0 [Note] InnoDB: Starting crash recovery from checkpoint LSN=19969169
2024-09-16 21:49:23 0 [Note] InnoDB: 128 out of 128 rollback segments are active.
2024-09-16 21:49:23 0 [Note] InnoDB: Removed temporary tablespace data file: "ibtmp1"
2024-09-16 21:49:23 0 [Note] InnoDB: Creating shared tablespace for temporary tables
2024-09-16 21:49:23 0 [Note] InnoDB: Setting file 'C:\xampp\mysql\data\ibtmp1' size to 12 MB. Physically writing the file full; Please wait ...
2024-09-16 21:49:23 0 [Note] InnoDB: File 'C:\xampp\mysql\data\ibtmp1' size is now 12 MB.
2024-09-16 21:49:23 0 [Note] InnoDB: Waiting for purge to start
2024-09-16 21:49:23 0 [Note] InnoDB: 10.4.32 started; log sequence number 19969178; transaction id 8774
2024-09-16 21:49:23 0 [Note] Plugin 'FEEDBACK' is disabled.
2024-09-16 21:49:23 0 [Note] InnoDB: Loading buffer pool(s) from C:\xampp\mysql\data\ib_buffer_pool
2024-09-16 21:49:23 0 [Note] InnoDB: Buffer pool(s) load completed at 240916 21:49:23
2024-09-16 21:49:23 0 [Note] Server socket created on IP: '::'.
2024-09-20 15:26:06 0 [Note] Starting MariaDB 10.4.32-MariaDB source revision c4143f909528e3fab0677a28631d10389354c491 as process 10068
2024-09-20 15:26:06 0 [Note] InnoDB: Mutexes and rw_locks use Windows interlocked functions
2024-09-20 15:26:06 0 [Note] InnoDB: Uses event mutexes
2024-09-20 15:26:06 0 [Note] InnoDB: Compressed tables use zlib 1.3
2024-09-20 15:26:06 0 [Note] InnoDB: Number of pools: 1
2024-09-20 15:26:06 0 [Note] InnoDB: Using SSE2 crc32 instructions
2024-09-20 15:26:06 0 [Note] InnoDB: Initializing buffer pool, total size = 16M, instances = 1, chunk size = 16M
2024-09-20 15:26:06 0 [Note] InnoDB: Completed initialization of buffer pool
2024-09-20 15:26:06 0 [Note] InnoDB: Starting crash recovery from checkpoint LSN=72288858
2024-09-20 15:26:07 0 [Note] InnoDB: 128 out of 128 rollback segments are active.
2024-09-20 15:26:07 0 [Note] InnoDB: Removed temporary tablespace data file: "ibtmp1"
2024-09-20 15:26:07 0 [Note] InnoDB: Creating shared tablespace for temporary tables
2024-09-20 15:26:07 0 [Note] InnoDB: Setting file 'C:\xampp\mysql\data\ibtmp1' size to 12 MB. Physically writing the file full; Please wait ...
2024-09-20 15:26:07 0 [Note] InnoDB: File 'C:\xampp\mysql\data\ibtmp1' size is now 12 MB.
2024-09-20 15:26:07 0 [Note] InnoDB: Waiting for purge to start
2024-09-20 15:26:07 0 [Note] InnoDB: 10.4.32 started; log sequence number 72288867; transaction id 18283
2024-09-20 15:26:07 0 [Note] InnoDB: Loading buffer pool(s) from C:\xampp\mysql\data\ib_buffer_pool
2024-09-20 15:26:07 0 [Note] Plugin 'FEEDBACK' is disabled.
2024-09-20 15:26:07 0 [Note] InnoDB: Buffer pool(s) load completed at 240920 15:26:07
2024-09-20 15:26:07 0 [Note] Server socket created on IP: '::'.
2024-09-20 15:34:26 0 [Note] Starting MariaDB 10.4.32-MariaDB source revision c4143f909528e3fab0677a28631d10389354c491 as process 8576
2024-09-20 15:34:26 0 [Note] mysqld.exe: Aria engine: starting recovery
recovered pages: 0% 100% (0.0 seconds); 
2024-09-20 15:34:26 0 [Note] mysqld.exe: Aria engine: recovery done
2024-09-20 15:34:26 0 [Note] InnoDB: Mutexes and rw_locks use Windows interlocked functions
2024-09-20 15:34:26 0 [Note] InnoDB: Uses event mutexes
2024-09-20 15:34:26 0 [Note] InnoDB: Compressed tables use zlib 1.3
2024-09-20 15:34:26 0 [Note] InnoDB: Number of pools: 1
2024-09-20 15:34:26 0 [Note] InnoDB: Using SSE2 crc32 instructions
2024-09-20 15:34:26 0 [Note] InnoDB: Initializing buffer pool, total size = 16M, instances = 1, chunk size = 16M
2024-09-20 15:34:26 0 [Note] InnoDB: Completed initialization of buffer pool
2024-09-20 15:34:26 0 [Note] InnoDB: Starting crash recovery from checkpoint LSN=72384023
2024-09-20 15:34:26 0 [Note] InnoDB: 128 out of 128 rollback segments are active.
2024-09-20 15:34:26 0 [Note] InnoDB: Removed temporary tablespace data file: "ibtmp1"
2024-09-20 15:34:26 0 [Note] InnoDB: Creating shared tablespace for temporary tables
2024-09-20 15:34:26 0 [Note] InnoDB: Setting file 'C:\xampp\mysql\data\ibtmp1' size to 12 MB. Physically writing the file full; Please wait ...
2024-09-20 15:34:26 0 [Note] InnoDB: File 'C:\xampp\mysql\data\ibtmp1' size is now 12 MB.
2024-09-20 15:34:26 0 [Note] InnoDB: Waiting for purge to start
2024-09-20 15:34:26 0 [Note] InnoDB: 10.4.32 started; log sequence number 72384032; transaction id 18402
2024-09-20 15:34:26 0 [Note] InnoDB: Loading buffer pool(s) from C:\xampp\mysql\data\ib_buffer_pool
2024-09-20 15:34:26 0 [Note] Plugin 'FEEDBACK' is disabled.
2024-09-20 15:34:26 0 [Note] Server socket created on IP: '::'.
2024-09-23 16:34:51 0 [Note] Starting MariaDB 10.4.32-MariaDB source revision c4143f909528e3fab0677a28631d10389354c491 as process 20472
2024-09-23 16:34:51 0 [Note] InnoDB: Mutexes and rw_locks use Windows interlocked functions
2024-09-23 16:34:51 0 [Note] InnoDB: Uses event mutexes
2024-09-23 16:34:51 0 [Note] InnoDB: Compressed tables use zlib 1.3
2024-09-23 16:34:51 0 [Note] InnoDB: Number of pools: 1
2024-09-23 16:34:51 0 [Note] InnoDB: Using SSE2 crc32 instructions
2024-09-23 16:34:51 0 [Note] InnoDB: Initializing buffer pool, total size = 16M, instances = 1, chunk size = 16M
2024-09-23 16:34:51 0 [Note] InnoDB: Completed initialization of buffer pool
2024-09-23 16:34:51 0 [Note] InnoDB: Starting crash recovery from checkpoint LSN=77312397
2024-09-23 16:34:51 0 [Note] InnoDB: 128 out of 128 rollback segments are active.
2024-09-23 16:34:51 0 [Note] InnoDB: Removed temporary tablespace data file: "ibtmp1"
2024-09-23 16:34:51 0 [Note] InnoDB: Creating shared tablespace for temporary tables
2024-09-23 16:34:51 0 [Note] InnoDB: Setting file 'C:\xampp\mysql\data\ibtmp1' size to 12 MB. Physically writing the file full; Please wait ...
2024-09-23 16:34:51 0 [Note] InnoDB: File 'C:\xampp\mysql\data\ibtmp1' size is now 12 MB.
2024-09-23 16:34:51 0 [Note] InnoDB: Waiting for purge to start
2024-09-23 16:34:51 0 [Note] InnoDB: 10.4.32 started; log sequence number 77312406; transaction id 21297
2024-09-23 16:34:51 0 [Note] Plugin 'FEEDBACK' is disabled.
2024-09-23 16:34:51 0 [Note] InnoDB: Loading buffer pool(s) from C:\xampp\mysql\data\ib_buffer_pool
2024-09-23 16:34:51 0 [Note] InnoDB: Buffer pool(s) load completed at 240923 16:34:51
2024-09-23 16:34:51 0 [Note] Server socket created on IP: '::'.
2024-09-23 16:34:52 0 [Note] Reading of all Master_info entries succeeded
2024-09-23 16:34:52 0 [Note] Added new Master_info '' to hash table
2024-09-23 16:34:52 0 [Note] c:\xampp\mysql\bin\mysqld.exe: ready for connections.
Version: '10.4.32-MariaDB'  socket: ''  port: 3306  mariadb.org binary distribution
2024-09-23 19:07:03 0 [Note] Starting MariaDB 10.4.32-MariaDB source revision c4143f909528e3fab0677a28631d10389354c491 as process 13296
2024-09-23 19:07:03 0 [Note] InnoDB: Mutexes and rw_locks use Windows interlocked functions
2024-09-23 19:07:03 0 [Note] InnoDB: Uses event mutexes
2024-09-23 19:07:03 0 [Note] InnoDB: Compressed tables use zlib 1.3
2024-09-23 19:07:03 0 [Note] InnoDB: Number of pools: 1
2024-09-23 19:07:03 0 [Note] InnoDB: Using SSE2 crc32 instructions
2024-09-23 19:07:03 0 [Note] InnoDB: Initializing buffer pool, total size = 16M, instances = 1, chunk size = 16M
2024-09-23 19:07:03 0 [Note] InnoDB: Completed initialization of buffer pool
2024-09-23 19:07:03 0 [Note] InnoDB: Starting crash recovery from checkpoint LSN=78758801
2024-09-23 19:07:03 0 [Note] InnoDB: 128 out of 128 rollback segments are active.
2024-09-23 19:07:03 0 [Note] InnoDB: Removed temporary tablespace data file: "ibtmp1"
2024-09-23 19:07:03 0 [Note] InnoDB: Creating shared tablespace for temporary tables
2024-09-23 19:07:03 0 [Note] InnoDB: Setting file 'C:\xampp\mysql\data\ibtmp1' size to 12 MB. Physically writing the file full; Please wait ...
2024-09-23 19:07:03 0 [Note] InnoDB: File 'C:\xampp\mysql\data\ibtmp1' size is now 12 MB.
2024-09-23 19:07:03 0 [Note] InnoDB: Waiting for purge to start
2024-09-23 19:07:04 0 [Note] InnoDB: 10.4.32 started; log sequence number 78758810; transaction id 22354
2024-09-23 19:07:04 0 [Note] Plugin 'FEEDBACK' is disabled.
2024-09-23 19:07:04 0 [Note] InnoDB: Loading buffer pool(s) from C:\xampp\mysql\data\ib_buffer_pool
2024-09-23 19:07:04 0 [Note] InnoDB: Buffer pool(s) load completed at 240923 19:07:04
2024-09-23 19:07:04 0 [Note] Server socket created on IP: '::'.
2024-10-28 16:16:43 0 [Note] Starting MariaDB 10.4.32-MariaDB source revision c4143f909528e3fab0677a28631d10389354c491 as process 14092
2024-10-28 16:16:43 0 [Note] InnoDB: Mutexes and rw_locks use Windows interlocked functions
2024-10-28 16:16:43 0 [Note] InnoDB: Uses event mutexes
2024-10-28 16:16:43 0 [Note] InnoDB: Compressed tables use zlib 1.3
2024-10-28 16:16:43 0 [Note] InnoDB: Number of pools: 1
2024-10-28 16:16:43 0 [Note] InnoDB: Using SSE2 crc32 instructions
2024-10-28 16:16:43 0 [Note] InnoDB: Initializing buffer pool, total size = 16M, instances = 1, chunk size = 16M
2024-10-28 16:16:43 0 [Note] InnoDB: Completed initialization of buffer pool
2024-10-28 16:16:43 0 [Note] InnoDB: Starting crash recovery from checkpoint LSN=122280924
2024-10-28 16:16:43 0 [Note] InnoDB: 128 out of 128 rollback segments are active.
2024-10-28 16:16:43 0 [Note] InnoDB: Removed temporary tablespace data file: "ibtmp1"
2024-10-28 16:16:43 0 [Note] InnoDB: Creating shared tablespace for temporary tables
2024-10-28 16:16:43 0 [Note] InnoDB: Setting file 'C:\xampp\mysql\data\ibtmp1' size to 12 MB. Physically writing the file full; Please wait ...
2024-10-28 16:16:43 0 [Note] InnoDB: File 'C:\xampp\mysql\data\ibtmp1' size is now 12 MB.
2024-10-28 16:16:43 0 [Note] InnoDB: Waiting for purge to start
2024-10-28 16:16:43 0 [Note] InnoDB: 10.4.32 started; log sequence number 122280933; transaction id 48104
2024-10-28 16:16:43 0 [Note] InnoDB: Loading buffer pool(s) from C:\xampp\mysql\data\ib_buffer_pool
2024-10-28 16:16:43 0 [Note] Plugin 'FEEDBACK' is disabled.
2024-10-28 16:16:43 0 [Note] InnoDB: Buffer pool(s) load completed at 241028 16:16:43
2024-10-28 16:16:43 0 [Note] Server socket created on IP: '::'.
2024-11-12 13:58:45 0 [Note] Starting MariaDB 10.4.32-MariaDB source revision c4143f909528e3fab0677a28631d10389354c491 as process 12608
2024-11-12 13:58:45 0 [Note] mysqld.exe: Aria engine: starting recovery
recovered pages: 0% 100% (0.0 seconds); 
2024-11-12 13:58:45 0 [Note] mysqld.exe: Aria engine: recovery done
2024-11-12 13:58:45 0 [Note] InnoDB: Mutexes and rw_locks use Windows interlocked functions
2024-11-12 13:58:45 0 [Note] InnoDB: Uses event mutexes
2024-11-12 13:58:45 0 [Note] InnoDB: Compressed tables use zlib 1.3
2024-11-12 13:58:45 0 [Note] InnoDB: Number of pools: 1
2024-11-12 13:58:45 0 [Note] InnoDB: Using SSE2 crc32 instructions
2024-11-12 13:58:45 0 [Note] InnoDB: Initializing buffer pool, total size = 16M, instances = 1, chunk size = 16M
2024-11-12 13:58:45 0 [Note] InnoDB: Completed initialization of buffer pool
2024-11-12 13:58:45 0 [Note] InnoDB: Starting crash recovery from checkpoint LSN=142084990
2024-11-12 13:58:46 0 [Note] InnoDB: 128 out of 128 rollback segments are active.
2024-11-12 13:58:46 0 [Note] InnoDB: Removed temporary tablespace data file: "ibtmp1"
2024-11-12 13:58:46 0 [Note] InnoDB: Creating shared tablespace for temporary tables
2024-11-12 13:58:46 0 [Note] InnoDB: Setting file 'C:\xampp\mysql\data\ibtmp1' size to 12 MB. Physically writing the file full; Please wait ...
2024-11-12 13:58:46 0 [Note] InnoDB: File 'C:\xampp\mysql\data\ibtmp1' size is now 12 MB.
2024-11-12 13:58:46 0 [Note] InnoDB: Waiting for purge to start
2024-11-12 13:58:46 0 [Note] InnoDB: 10.4.32 started; log sequence number 142084999; transaction id 56115
2024-11-12 13:58:46 0 [Note] InnoDB: Loading buffer pool(s) from C:\xampp\mysql\data\ib_buffer_pool
2024-11-12 13:58:46 0 [Note] Plugin 'FEEDBACK' is disabled.
2024-11-12 13:58:46 0 [Note] InnoDB: Buffer pool(s) load completed at 241112 13:58:46
2024-11-12 13:58:46 0 [Note] Server socket created on IP: '::'.
2024-11-12 13:58:52 0 [Note] Starting MariaDB 10.4.32-MariaDB source revision c4143f909528e3fab0677a28631d10389354c491 as process 30284
2024-11-12 13:58:52 0 [Note] InnoDB: Mutexes and rw_locks use Windows interlocked functions
2024-11-12 13:58:52 0 [Note] InnoDB: Uses event mutexes
2024-11-12 13:58:52 0 [Note] InnoDB: Compressed tables use zlib 1.3
2024-11-12 13:58:52 0 [Note] InnoDB: Number of pools: 1
2024-11-12 13:58:52 0 [Note] InnoDB: Using SSE2 crc32 instructions
2024-11-12 13:58:52 0 [Note] InnoDB: Initializing buffer pool, total size = 16M, instances = 1, chunk size = 16M
2024-11-12 13:58:52 0 [Note] InnoDB: Completed initialization of buffer pool
2024-11-12 13:58:52 0 [Note] InnoDB: Starting crash recovery from checkpoint LSN=142084990
2024-11-12 13:58:52 0 [Note] InnoDB: 128 out of 128 rollback segments are active.
2024-11-12 13:58:52 0 [Note] InnoDB: Removed temporary tablespace data file: "ibtmp1"
2024-11-12 13:58:52 0 [Note] InnoDB: Creating shared tablespace for temporary tables
2024-11-12 13:58:52 0 [Note] InnoDB: Setting file 'C:\xampp\mysql\data\ibtmp1' size to 12 MB. Physically writing the file full; Please wait ...
2024-11-12 13:58:52 0 [Note] InnoDB: File 'C:\xampp\mysql\data\ibtmp1' size is now 12 MB.
2024-11-12 13:58:52 0 [Note] InnoDB: Waiting for purge to start
2024-11-12 13:58:52 0 [Note] InnoDB: 10.4.32 started; log sequence number 142084999; transaction id 56115
2024-11-12 13:58:52 0 [Note] InnoDB: Loading buffer pool(s) from C:\xampp\mysql\data\ib_buffer_pool
2024-11-12 13:58:52 0 [Note] Plugin 'FEEDBACK' is disabled.
2024-11-12 13:58:52 0 [Note] Server socket created on IP: '::'.
